c:\users\s017767j\desktop\hellogl\hellogl\debug\vc142.pdb
c:\users\s017767j\desktop\hellogl\hellogl\debug\vc142.idb
c:\users\s017767j\desktop\hellogl\hellogl\debug\main.obj
c:\users\s017767j\desktop\hellogl\hellogl\debug\hellogl.obj
c:\users\s017767j\desktop\hellogl\hellogl\debug\glutcallbacks.obj
c:\users\s017767j\desktop\hellogl\hellogl\debug\cube.obj
d:\users\max\desktop\hellogl\hellogl\debug\vc142.pdb
d:\users\max\desktop\hellogl\hellogl\debug\vc142.idb
d:\users\max\desktop\hellogl\hellogl\debug\main.obj
d:\users\max\desktop\hellogl\hellogl\debug\glutcallbacks.obj
d:\users\max\desktop\hellogl\hellogl\debug\cube.obj
d:\users\max\desktop\hellogl\hellogl\debug\hellogl.obj
c:\users\s017767j\desktop\hellogl\debug\hellogl.exe
c:\users\s017767j\desktop\hellogl\debug\hellogl.ilk
c:\users\s017767j\desktop\hellogl\debug\hellogl.pdb
d:\users\max\desktop\hellogl\debug\hellogl.ilk
d:\users\max\desktop\hellogl\debug\hellogl.exe
d:\users\max\desktop\hellogl\debug\hellogl.pdb
c:\users\s017767j\desktop\hellogl\hellogl\debug\hellogl.tlog\cl.command.1.tlog
c:\users\s017767j\desktop\hellogl\hellogl\debug\hellogl.tlog\cl.read.1.tlog
c:\users\s017767j\desktop\hellogl\hellogl\debug\hellogl.tlog\cl.write.1.tlog
c:\users\s017767j\desktop\hellogl\hellogl\debug\hellogl.tlog\link.command.1.tlog
c:\users\s017767j\desktop\hellogl\hellogl\debug\hellogl.tlog\link.read.1.tlog
c:\users\s017767j\desktop\hellogl\hellogl\debug\hellogl.tlog\link.write.1.tlog
